TN:
SF:src/helpers/filter.helper.ts
FN:3,(anonymous_0)
FNF:1
FNH:0
FNDA:0,(anonymous_0)
DA:3,1
DA:8,0
DA:9,0
DA:10,0
DA:11,0
DA:12,0
DA:14,0
DA:15,0
DA:17,0
DA:18,0
DA:21,0
DA:22,0
DA:23,0
DA:25,0
DA:26,0
DA:29,0
DA:30,0
DA:32,0
LF:18
LH:1
BRDA:10,0,0,0
BRDA:11,1,0,0
BRDA:14,2,0,0
BRDA:17,3,0,0
BRDA:21,4,0,0
BRDA:22,5,0,0
BRDA:25,6,0,0
BRDA:29,7,0,0
BRF:8
BRH:0
end_of_record
TN:
SF:src/modules/prisma/prisma.service.ts
FN:14,(anonymous_1)
FN:19,(anonymous_2)
FNF:2
FNH:0
FNDA:0,(anonymous_1)
FNDA:0,(anonymous_2)
DA:1,1
DA:7,1
DA:10,1
DA:15,0
DA:16,0
DA:20,0
DA:21,0
LF:7
LH:3
BRF:0
BRH:0
end_of_record
TN:
SF:src/pokemon/pokemon.resolver.ts
FN:14,(anonymous_4)
FN:17,(anonymous_5)
FN:26,(anonymous_6)
FN:33,(anonymous_7)
FN:40,(anonymous_8)
FN:45,(anonymous_9)
FNF:6
FNH:1
FNDA:4,(anonymous_4)
FNDA:0,(anonymous_5)
FNDA:0,(anonymous_6)
FNDA:0,(anonymous_7)
FNDA:0,(anonymous_8)
FNDA:0,(anonymous_9)
DA:1,1
DA:2,1
DA:10,1
DA:13,1
DA:14,4
DA:17,1
DA:22,0
DA:26,1
DA:29,0
DA:33,1
DA:36,0
DA:40,1
DA:41,0
DA:45,1
DA:46,0
LF:15
LH:10
BRF:0
BRH:0
end_of_record
TN:
SF:src/pokemon/pokemon.service.ts
FN:10,(anonymous_2)
FN:12,(anonymous_3)
FN:21,(anonymous_4)
FN:35,(anonymous_5)
FN:55,(anonymous_6)
FN:63,(anonymous_7)
FNF:6
FNH:2
FNDA:4,(anonymous_2)
FNDA:0,(anonymous_3)
FNDA:0,(anonymous_4)
FNDA:0,(anonymous_5)
FNDA:0,(anonymous_6)
FNDA:3,(anonymous_7)
DA:1,1
DA:2,1
DA:4,1
DA:5,1
DA:9,1
DA:10,4
DA:17,0
DA:18,0
DA:25,0
DA:26,0
DA:28,0
DA:29,0
DA:32,0
DA:40,0
DA:41,0
DA:43,0
DA:44,0
DA:46,0
DA:47,0
DA:49,0
DA:56,0
DA:57,0
DA:59,0
DA:60,0
DA:64,3
DA:65,1
DA:67,2
DA:68,2
DA:71,1
DA:76,1
DA:82,1
LF:31
LH:13
BRDA:25,0,0,0
BRDA:28,1,0,0
BRDA:28,2,0,0
BRDA:28,2,1,0
BRDA:40,3,0,0
BRDA:40,4,0,0
BRDA:40,4,1,0
BRDA:43,5,0,0
BRDA:46,6,0,0
BRDA:56,7,0,0
BRDA:64,8,0,1
BRF:11
BRH:1
end_of_record
TN:
SF:src/pokemon/dto/pokemon.dto.ts
FN:6,(anonymous_2)
FN:9,(anonymous_3)
FN:16,(anonymous_4)
FN:19,(anonymous_5)
FN:22,(anonymous_6)
FNF:5
FNH:0
FNDA:0,(anonymous_2)
FNDA:0,(anonymous_3)
FNDA:0,(anonymous_4)
FNDA:0,(anonymous_5)
FNDA:0,(anonymous_6)
DA:1,1
DA:2,1
DA:5,1
DA:6,0
DA:8,1
DA:9,0
DA:11,1
DA:15,1
DA:16,0
DA:18,1
DA:19,0
DA:21,1
DA:22,0
DA:24,1
DA:28,1
DA:30,1
DA:32,1
DA:34,1
DA:38,1
DA:40,1
DA:45,1
DA:47,1
DA:49,1
LF:23
LH:18
BRF:0
BRH:0
end_of_record
